2025-03-31 03:57:28,167 - INFO - Usuario Lelo registrado con éxito.
2025-03-31 03:57:34,520 - WARNING - Fallo de autenticación para usuario: oscar
2025-03-31 03:57:51,015 - WARNING - Fallo de autenticación para usuario: Lelo
2025-03-31 03:58:02,787 - INFO - Usuario Lelo autenticado con éxito.
2025-03-31 03:58:28,980 - INFO - Producto aji de gallina agregado con éxito.
2025-03-31 03:58:41,079 - INFO - Stock del producto 1 actualizado a 50.
2025-03-31 03:59:04,497 - INFO - Stock del producto 1 actualizado a 0.
2025-03-31 04:01:29,583 - INFO - Producto potasio agregado con éxito.
2025-03-31 04:01:54,419 - INFO - Stock del producto 1 actualizado a 50.
2025-03-31 23:03:53,819 - INFO - Usuario gigi registrado con éxito.
2025-03-31 23:03:58,796 - WARNING - Fallo de autenticación para usuario: gigi
2025-03-31 23:04:06,726 - INFO - Usuario gigi autenticado con éxito.
2025-03-31 23:04:26,945 - INFO - Producto zapatillas agregado con éxito.
2025-04-02 01:33:09,559 - INFO - Usuario Lelo autenticado con éxito.
2025-04-02 01:33:19,686 - INFO - Usuario manriquez registrado con éxito.
2025-04-02 01:33:35,997 - WARNING - Fallo de autenticación para usuario: manriquez
2025-04-02 14:34:33,050 - INFO - Usuario Lelo autenticado con éxito.
2025-04-02 14:34:38,654 - INFO - Usuario vicho registrado con éxito.
2025-04-02 14:34:46,527 - WARNING - Fallo de autenticación para usuario: vicho
2025-04-02 14:34:52,757 - INFO - Usuario vicho autenticado con éxito.
2025-04-02 14:37:16,704 - INFO - Usuario vicho autenticado con éxito.
2025-04-02 14:37:23,941 - WARNING - Fallo de autenticación para usuario: c
2025-04-02 14:37:27,676 - INFO - Usuario vicho autenticado con éxito.
2025-04-02 14:37:41,977 - WARNING - Fallo de autenticación para usuario: hola
2025-04-02 14:37:44,959 - INFO - Usuario vicho autenticado con éxito.
2025-04-02 14:37:52,610 - INFO - Producto canela agregado con éxito.
2025-04-06 18:16:59,241 - INFO - Usuario Lelo autenticado con éxito.
2025-04-06 18:34:53,655 - INFO - Usuario Lelo autenticado con éxito.
2025-04-06 18:36:31,406 - WARNING - Fallo de autenticación para usuario: Lelo
2025-04-06 18:36:36,278 - INFO - Usuario Lelo autenticado con éxito.
2025-04-06 18:36:40,453 - INFO - Usuario admin registrado con éxito.
2025-04-06 18:37:25,920 - INFO - Producto Zapallo congelado agregado con éxito.
2025-04-06 18:50:51,487 - INFO - Usuario admin autenticado con éxito.
2025-04-06 18:54:45,993 - INFO - Stock del producto 5 actualizado a 4.
2025-04-06 19:00:44,844 - INFO - Producto 5 eliminado.
2025-04-06 19:58:27,473 - INFO - Usuario admin autenticado con éxito.
2025-04-06 19:58:45,023 - INFO - Producto aji de gallina agregado con éxito.
2025-04-06 19:59:20,447 - INFO - Producto aji de gallina agregado con éxito.
